22-02-16 18:18:13.1276719 pid:14624 tid:1 sqltools Critical: 0 : An unhandled exception occurred: System.OutOfMemoryException: Exception of type 'System.OutOfMemoryException' was thrown.
   at System.RuntimeTypeHandle.Instantiate(Type[] inst)
   at System.RuntimeType.MakeGenericType(Type[] instantiation)
   at Newtonsoft.Json.Serialization.JsonArrayContract..ctor(Type underlyingType)
   at Newtonsoft.Json.Serialization.DefaultContractResolver.CreateArrayContract(Type objectType)
   at Newtonsoft.Json.Serialization.DefaultContractResolver.CreateContract(Type objectType)
   at System.Collections.Concurrent.ConcurrentDictionary`2.GetOrAdd(TKey key, Func`2 valueFactory)
   at Newtonsoft.Json.Utilities.ThreadSafeStore`2.Get(TKey key)
   at Newtonsoft.Json.Serialization.DefaultContractResolver.ResolveContract(Type type)
   at Newtonsoft.Json.Serialization.JsonSerializerInternalReader.GetContract(Type type)
   at Newtonsoft.Json.Serialization.JsonSerializerInternalReader.GetContractSafe(Type type)
   at Newtonsoft.Json.Serialization.JsonSerializerInternalReader.Deserialize(JsonReader reader, Type objectType, Boolean checkAdditionalContent)
   at Newtonsoft.Json.Serialization.JsonSerializerProxy.DeserializeInternal(JsonReader reader, Type objectType)
   at Newtonsoft.Json.JsonSerializer.Deserialize(JsonReader reader, Type objectType)
   at Newtonsoft.Json.JsonSerializer.Deserialize[T](JsonReader reader)
   at Microsoft.SqlServer.Management.Assessment.Configuration.Json.ExtendedRegexConverter.ReadJson(JsonReader reader, Type objectType, IPattern`1 existingValue, Boolean hasExistingValue, JsonSerializer serializer)
   at Microsoft.SqlServer.Management.Assessment.Configuration.Json.JsonConverter`1.ReadJson(JsonReader reader, Type objectType, Object existingValue, JsonSerializer serializer)
   at Newtonsoft.Json.Serialization.JsonSerializerInternalReader.DeserializeConvertable(JsonConverter converter, JsonReader reader, Type objectType, Object existingValue)
   at Newtonsoft.Json.Serialization.JsonSerializerInternalReader.ResolvePropertyAndCreatorValues(JsonObjectContract contract, JsonProperty containerProperty, JsonReader reader, Type objectType)
   at Newtonsoft.Json.Serialization.JsonSerializerInternalReader.CreateObjectUsingCreatorWithParameters(JsonReader reader, JsonObjectContract contract, JsonProperty containerProperty, ObjectConstructor`1 creator, String id)
   at Newtonsoft.Json.Serialization.JsonSerializerInternalReader.CreateNewObject(JsonReader reader, JsonObjectContract objectContract, JsonProperty containerMember, JsonProperty containerProperty, String id, Boolean& createdFromNonDefaultCreator)
   at Newtonsoft.Json.Serialization.JsonSerializerInternalReader.CreateObject(JsonReader reader, Type objectType, JsonContract contract, JsonProperty member, JsonContainerContract containerContract, JsonProperty containerMember, Object existingValue)
   at Newtonsoft.Json.Serialization.JsonSerializerInternalReader.CreateValueInternal(JsonReader reader, Type objectType, JsonContract contract, JsonProperty member, JsonContainerContract containerContract, JsonProperty containerMember, Object existingValue)
   at Newtonsoft.Json.Serialization.JsonSerializerInternalReader.Deserialize(JsonReader reader, Type objectType, Boolean checkAdditionalContent)
   at Newtonsoft.Json.Serialization.JsonSerializerProxy.DeserializeInternal(JsonReader reader, Type objectType)
   at Newtonsoft.Json.JsonSerializer.Deserialize(JsonReader reader, Type objectType)
   at Newtonsoft.Json.JsonSerializer.Deserialize[T](JsonReader reader)
   at Microsoft.SqlServer.Management.Assessment.Configuration.Json.CheckModificationConverter.ReadJson(JsonReader reader, Type objectType, CheckRule existingValue, Boolean hasExistingValue, JsonSerializer serializer)
   at Microsoft.SqlServer.Management.Assessment.Configuration.Json.JsonConverter`1.ReadJson(JsonReader reader, Type objectType, Object existingValue, JsonSerializer serializer)
   at Newtonsoft.Json.Serialization.JsonSerializerInternalReader.DeserializeConvertable(JsonConverter con